<?xml version="1.0" encoding="UTF-8"?>
<!-- Generated by org.testng.reporters.JUnitReportReporter -->
<testsuite hostname="LAPTOP-OK1FO54J" failures="0" tests="1" name="com.practice.NewTestNG" time="0.012" errors="0" timestamp="2025-04-03T08:05:43 IST" skipped="0">
  <testcase classname="com.practice.NewTestNG" name="practice" time="0.012"/>
  <system-out/>
</testsuite> <!-- com.practice.NewTestNG -->
