<?xml version="1.0" encoding="UTF-8"?>
<!-- Generated by org.testng.reporters.JUnitReportReporter -->
<testsuite hostname="LAPTOP-OK1FO54J" failures="0" tests="1" name="com.inventoryTest.AddtoCartTest" time="2.953" errors="0" timestamp="2025-04-23T22:45:52 IST" skipped="0">
  <testcase classname="com.inventoryTest.AddtoCartTest" name="tc_001_AddtoCartTest" time="2.953"/>
  <system-out/>
</testsuite> <!-- com.inventoryTest.AddtoCartTest -->
