<?xml version="1.0" encoding="UTF-8"?>
<!-- Generated by org.testng.reporters.JUnitReportReporter -->
<testsuite hostname="LAPTOP-OK1FO54J" failures="0" tests="1" name="com.inventoryTest.AddLowestProductToCart" time="5.330" errors="0" timestamp="2025-04-23T22:45:52 IST" skipped="0">
  <testcase classname="com.inventoryTest.AddLowestProductToCart" name="tc_002_AddLowestProductToCart" time="5.330"/>
  <system-out/>
</testsuite> <!-- com.inventoryTest.AddLowestProductToCart -->
